#
# There is insufficient memory for the Java Runtime Environment to continue.
# Native memory allocation (malloc) failed to allocate 204656 bytes for Chunk::new
# Possible reasons:
#   The system is out of physical RAM or swap space
#   The process is running with CompressedOops enabled, and the Java Heap may be blocking the growth of the native heap
# Possible solutions:
#   Reduce memory load on the system
#   Increase physical memory or swap space
#   Check if swap backing store is full
#   Decrease Java heap size (-Xmx/-Xms)
#   Decrease number of Java threads
#   Decrease Java thread stack sizes (-Xss)
#   Set larger code cache with -XX:ReservedCodeCacheSize=
#   JVM is running with Unscaled Compressed Oops mode in which the Java heap is
#     placed in the first 4GB address space. The Java Heap base address is the
#     maximum limit for the native heap growth. Please use -XX:HeapBaseMinAddress
#     to set the Java Heap base and to place the Java Heap above 4GB virtual address.
# This output file may be truncated or incomplete.
#
#  Out of Memory Error (./open/src/hotspot/share/memory/arena.cpp:197), pid=21252, tid=21256
#
# JRE version: Java(TM) SE Runtime Environment 18.9 (11.0.18+9) (build 11.0.18+9-LTS-195)
# Java VM: Java HotSpot(TM) 64-Bit Server VM 18.9 (11.0.18+9-LTS-195, mixed mode, tiered, compressed oops, g1 gc, windows-amd64)
# No core dump will be written. Minidumps are not enabled by default on client versions of Windows
#

---------------  S U M M A R Y ------------

Command Line: -Xmx64m -Xms64m -Dorg.gradle.appname=gradlew org.gradle.wrapper.GradleWrapperMain app:installRelease -PreactNativeDevServerPort=8081

Host: Intel(R) Core(TM) i7-3740QM CPU @ 2.70GHz, 8 cores, 15G,  Windows 10 , 64 bit Build 19041 (10.0.19041.2364)
Time: Wed Oct  4 11:16:31 2023 SE Asia Standard Time elapsed time: 312.278793 seconds (0d 0h 5m 12s)

---------------  T H R E A D  ---------------

Current thread (0x0000025ffdf55000):  JavaThread "C2 CompilerThread0" daemon [_thread_in_native, id=21256, stack(0x000000bd62b00000,0x000000bd62c00000)]


Current CompileTask:
C2: 312278 1815   !   4       org.gradle.internal.logging.console.ThrottlingOutputEventListener::onOutput (92 bytes)

Stack: [0x000000bd62b00000,0x000000bd62c00000]
Native frames: (J=compiled Java code, j=interpreted, Vv=VM code, C=native code)
V  [jvm.dll+0x65d8aa]
V  [jvm.dll+0x79fc1f]
V  [jvm.dll+0x7a12e9]
V  [jvm.dll+0x7a1983]
V  [jvm.dll+0x2585b5]
V  [jvm.dll+0xb284c]
V  [jvm.dll+0xb2e0c]
V  [jvm.dll+0x365ddf]
V  [jvm.dll+0x32eb15]
V  [jvm.dll+0x32defa]
V  [jvm.dll+0x2113ad]
V  [jvm.dll+0x210378]
V  [jvm.dll+0x18c641]
V  [jvm.dll+0x220609]
V  [jvm.dll+0x21e92c]
V  [jvm.dll+0x763f61]
V  [jvm.dll+0x75c924]
V  [jvm.dll+0x65c755]
C  [ucrtbase.dll+0x21bb2]
C  [KERNEL32.DLL+0x17614]
C  [ntdll.dll+0x526a1]


---------------  P R O C E S S  ---------------

Threads class SMR info:
_java_thread_list=0x0000025ffeeef330, length=13, elements={
0x0000025ff30f4800, 0x0000025ffdec3000, 0x0000025ffdec4000, 0x0000025ffdf46800,
0x0000025ffdf47800, 0x0000025ffdf48800, 0x0000025ffdf55000, 0x0000025ffdf59800,
0x0000025ffdf5a800, 0x0000025ffe1be800, 0x0000025fff05e000, 0x0000025ffe74b000,
0x0000025ffeeee000
}

Java Threads: ( => current thread )
  0x0000025ff30f4800 JavaThread "main" [_thread_in_native, id=12756, stack(0x000000bd61f00000,0x000000bd62000000)]
  0x0000025ffdec3000 JavaThread "Reference Handler" daemon [_thread_blocked, id=15960, stack(0x000000bd62600000,0x000000bd62700000)]
  0x0000025ffdec4000 JavaThread "Finalizer" daemon [_thread_blocked, id=18276, stack(0x000000bd62700000,0x000000bd62800000)]
  0x0000025ffdf46800 JavaThread "Signal Dispatcher" daemon [_thread_blocked, id=7164, stack(0x000000bd62800000,0x000000bd62900000)]
  0x0000025ffdf47800 JavaThread "Attach Listener" daemon [_thread_blocked, id=20424, stack(0x000000bd62900000,0x000000bd62a00000)]
  0x0000025ffdf48800 JavaThread "Service Thread" daemon [_thread_blocked, id=11704, stack(0x000000bd62a00000,0x000000bd62b00000)]
=>0x0000025ffdf55000 JavaThread "C2 CompilerThread0" daemon [_thread_in_native, id=21256, stack(0x000000bd62b00000,0x000000bd62c00000)]
  0x0000025ffdf59800 JavaThread "C1 CompilerThread0" daemon [_thread_blocked, id=19568, stack(0x000000bd62c00000,0x000000bd62d00000)]
  0x0000025ffdf5a800 JavaThread "Sweeper thread" daemon [_thread_blocked, id=8728, stack(0x000000bd62d00000,0x000000bd62e00000)]
  0x0000025ffe1be800 JavaThread "Common-Cleaner" daemon [_thread_blocked, id=8176, stack(0x000000bd62f00000,0x000000bd63000000)]
  0x0000025fff05e000 JavaThread "pool-1-thread-1" [_thread_blocked, id=19976, stack(0x000000bd63300000,0x000000bd63400000)]
  0x0000025ffe74b000 JavaThread "DisconnectableInputStream source reader" daemon [_thread_in_native, id=4828, stack(0x000000bd63200000,0x000000bd63300000)]
  0x0000025ffeeee000 JavaThread "Forward input" [_thread_blocked, id=20672, stack(0x000000bd63400000,0x000000bd63500000)]

Other Threads:
  0x0000025ffdec1800 VMThread "VM Thread" [stack: 0x000000bd62500000,0x000000bd62600000] [id=19136]
  0x0000025ffe1bd000 WatcherThread [stack: 0x000000bd62e00000,0x000000bd62f00000] [id=16772]
  0x0000025ff3108000 GCTaskThread "GC Thread#0" [stack: 0x000000bd62000000,0x000000bd62100000] [id=20768]
  0x0000025ffee3b000 GCTaskThread "GC Thread#1" [stack: 0x000000bd63100000,0x000000bd63200000] [id=676]
  0x0000025fff0a1000 GCTaskThread "GC Thread#2" [stack: 0x000000bd61c00000,0x000000bd61d00000] [id=16300]
  0x0000025fff578000 GCTaskThread "GC Thread#3" [stack: 0x000000bd61d00000,0x000000bd61e00000] [id=1912]
  0x0000025fff612000 GCTaskThread "GC Thread#4" [stack: 0x000000bd61e00000,0x000000bd61f00000] [id=7596]
  0x0000025fff51f000 GCTaskThread "GC Thread#5" [stack: 0x000000bd63500000,0x000000bd63600000] [id=592]
  0x0000025ff310f800 ConcurrentGCThread "G1 Main Marker" [stack: 0x000000bd62100000,0x000000bd62200000] [id=7392]
  0x0000025ff3111800 ConcurrentGCThread "G1 Conc#0" [stack: 0x000000bd62200000,0x000000bd62300000] [id=7744]
  0x0000025ff317b000 ConcurrentGCThread "G1 Refine#0" [stack: 0x000000bd62300000,0x000000bd62400000] [id=19908]
  0x0000025ff317e000 ConcurrentGCThread "G1 Young RemSet Sampling" [stack: 0x000000bd62400000,0x000000bd62500000] [id=9532]

Threads with active compile tasks:
C2 CompilerThread0   312361 1815   !   4       org.gradle.internal.logging.console.ThrottlingOutputEventListener::onOutput (92 bytes)

VM state:not at safepoint (normal execution)

VM Mutex/Monitor currently owned by a thread: None

Heap address: 0x00000000fc000000, size: 64 MB, Compressed Oops mode: 32-bit
Narrow klass base: 0x0000000000000000, Narrow klass shift: 3
Compressed class space size: 1073741824 Address: 0x0000000100000000

Heap:
 garbage-first heap   total 65536K, used 12940K [0x00000000fc000000, 0x0000000100000000)
  region size 1024K, 4 young (4096K), 2 survivors (2048K)
 Metaspace       used 16071K, capacity 16341K, committed 16640K, reserved 1064960K
  class space    used 1828K, capacity 1944K, committed 2048K, reserved 1048576K
Heap Regions: E=young(eden), S=young(survivor), O=old, HS=humongous(starts), HC=humongous(continues), CS=collection set, F=free, A=archive, TAMS=top-at-mark-start (previous, next)
|   0|0x00000000fc000000, 0x00000000fc100000, 0x00000000fc100000|100%|HS|  |TAMS 0x00000000fc000000, 0x00000000fc000000| Complete 
|   1|0x00000000fc100000, 0x00000000fc200000, 0x00000000fc200000|100%|HC|  |TAMS 0x00000000fc100000, 0x00000000fc100000| Complete 
|   2|0x00000000fc200000, 0x00000000fc300000, 0x00000000fc300000|100%|HC|  |TAMS 0x00000000fc200000, 0x00000000fc200000| Complete 
|   3|0x00000000fc300000, 0x00000000fc400000, 0x00000000fc400000|100%|HC|  |TAMS 0x00000000fc300000, 0x00000000fc300000| Complete 
|   4|0x00000000fc400000, 0x00000000fc500000, 0x00000000fc500000|100%| O|  |TAMS 0x00000000fc400000, 0x00000000fc400000| Untracked 
|   5|0x00000000fc500000, 0x00000000fc600000, 0x00000000fc600000|100%| O|  |TAMS 0x00000000fc500000, 0x00000000fc500000| Untracked 
|   6|0x00000000fc600000, 0x00000000fc700000, 0x00000000fc700000|100%| O|  |TAMS 0x00000000fc600000, 0x00000000fc600000| Untracked 
|   7|0x00000000fc700000, 0x00000000fc800000, 0x00000000fc800000|100%| O|  |TAMS 0x00000000fc700000, 0x00000000fc700000| Untracked 
|   8|0x00000000fc800000, 0x00000000fc900000, 0x00000000fc900000|100%| O|  |TAMS 0x00000000fc800000, 0x00000000fc800000| Untracked 
|   9|0x00000000fc900000, 0x00000000fca00000, 0x00000000fca00000|100%| O|  |TAMS 0x00000000fc900000, 0x00000000fc900000| Untracked 
|  10|0x00000000fca00000, 0x00000000fca8b800, 0x00000000fcb00000| 54%| O|  |TAMS 0x00000000fca00000, 0x00000000fca00000| Untracked 
|  11|0x00000000fcb00000, 0x00000000fcb00000, 0x00000000fcc00000|  0%| F|  |TAMS 0x00000000fcb00000, 0x00000000fcb00000| Untracked 
|  12|0x00000000fcc00000, 0x00000000fcc00000, 0x00000000fcd00000|  0%| F|  |TAMS 0x00000000fcc00000, 0x00000000fcc00000| Untracked 
|  13|0x00000000fcd00000, 0x00000000fcd00000, 0x00000000fce00000|  0%| F|  |TAMS 0x00000000fcd00000, 0x00000000fcd00000| Untracked 
|  14|0x00000000fce00000, 0x00000000fce00000, 0x00000000fcf00000|  0%| F|  |TAMS 0x00000000fce00000, 0x00000000fce00000| Untracked 
|  15|0x00000000fcf00000, 0x00000000fcf00000, 0x00000000fd000000|  0%| F|  |TAMS 0x00000000fcf00000, 0x00000000fcf00000| Untracked 
|  16|0x00000000fd000000, 0x00000000fd000000, 0x00000000fd100000|  0%| F|  |TAMS 0x00000000fd000000, 0x00000000fd000000| Untracked 
|  17|0x00000000fd100000, 0x00000000fd100000, 0x00000000fd200000|  0%| F|  |TAMS 0x00000000fd100000, 0x00000000fd100000| Untracked 
|  18|0x00000000fd200000, 0x00000000fd200000, 0x00000000fd300000|  0%| F|  |TAMS 0x00000000fd200000, 0x00000000fd200000| Untracked 
|  19|0x00000000fd300000, 0x00000000fd300000, 0x00000000fd400000|  0%| F|  |TAMS 0x00000000fd300000, 0x00000000fd300000| Untracked 
|  20|0x00000000fd400000, 0x00000000fd400000, 0x00000000fd500000|  0%| F|  |TAMS 0x00000000fd400000, 0x00000000fd400000| Untracked 
|  21|0x00000000fd500000, 0x00000000fd500000, 0x00000000fd600000|  0%| F|  |TAMS 0x00000000fd500000, 0x00000000fd500000| Untracked 
|  22|0x00000000fd600000, 0x00000000fd600000, 0x00000000fd700000|  0%| F|  |TAMS 0x00000000fd600000, 0x00000000fd600000| Untracked 
|  23|0x00000000fd700000, 0x00000000fd700000, 0x00000000fd800000|  0%| F|  |TAMS 0x00000000fd700000, 0x00000000fd700000| Untracked 
|  24|0x00000000fd800000, 0x00000000fd800000, 0x00000000fd900000|  0%| F|  |TAMS 0x00000000fd800000, 0x00000000fd800000| Untracked 
|  25|0x00000000fd900000, 0x00000000fd900000, 0x00000000fda00000|  0%| F|  |TAMS 0x00000000fd900000, 0x00000000fd900000| Untracked 
|  26|0x00000000fda00000, 0x00000000fda00000, 0x00000000fdb00000|  0%| F|  |TAMS 0x00000000fda00000, 0x00000000fda00000| Untracked 
|  27|0x00000000fdb00000, 0x00000000fdb00000, 0x00000000fdc00000|  0%| F|  |TAMS 0x00000000fdb00000, 0x00000000fdb00000| Untracked 
|  28|0x00000000fdc00000, 0x00000000fdc00000, 0x00000000fdd00000|  0%| F|  |TAMS 0x00000000fdc00000, 0x00000000fdc00000| Untracked 
|  29|0x00000000fdd00000, 0x00000000fdd00000, 0x00000000fde00000|  0%| F|  |TAMS 0x00000000fdd00000, 0x00000000fdd00000| Untracked 
|  30|0x00000000fde00000, 0x00000000fde00000, 0x00000000fdf00000|  0%| F|  |TAMS 0x00000000fde00000, 0x00000000fde00000| Untracked 
|  31|0x00000000fdf00000, 0x00000000fdf00000, 0x00000000fe000000|  0%| F|  |TAMS 0x00000000fdf00000, 0x00000000fdf00000| Untracked 
|  32|0x00000000fe000000, 0x00000000fe000000, 0x00000000fe100000|  0%| F|  |TAMS 0x00000000fe000000, 0x00000000fe000000| Untracked 
|  33|0x00000000fe100000, 0x00000000fe1179e8, 0x00000000fe200000|  9%| S|CS|TAMS 0x00000000fe100000, 0x00000000fe100000| Complete 
|  34|0x00000000fe200000, 0x00000000fe300000, 0x00000000fe300000|100%| S|CS|TAMS 0x00000000fe200000, 0x00000000fe200000| Complete 
|  35|0x00000000fe300000, 0x00000000fe300000, 0x00000000fe400000|  0%| F|  |TAMS 0x00000000fe300000, 0x00000000fe300000| Untracked 
|  36|0x00000000fe400000, 0x00000000fe400000, 0x00000000fe500000|  0%| F|  |TAMS 0x00000000fe400000, 0x00000000fe400000| Untracked 
|  37|0x00000000fe500000, 0x00000000fe500000, 0x00000000fe600000|  0%| F|  |TAMS 0x00000000fe500000, 0x00000000fe500000| Untracked 
|  38|0x00000000fe600000, 0x00000000fe600000, 0x00000000fe700000|  0%| F|  |TAMS 0x00000000fe600000, 0x00000000fe600000| Untracked 
|  39|0x00000000fe700000, 0x00000000fe700000, 0x00000000fe800000|  0%| F|  |TAMS 0x00000000fe700000, 0x00000000fe700000| Untracked 
|  40|0x00000000fe800000, 0x00000000fe800000, 0x00000000fe900000|  0%| F|  |TAMS 0x00000000fe800000, 0x00000000fe800000| Untracked 
|  41|0x00000000fe900000, 0x00000000fe900000, 0x00000000fea00000|  0%| F|  |TAMS 0x00000000fe900000, 0x00000000fe900000| Untracked 
|  42|0x00000000fea00000, 0x00000000fea00000, 0x00000000feb00000|  0%| F|  |TAMS 0x00000000fea00000, 0x00000000fea00000| Untracked 
|  43|0x00000000feb00000, 0x00000000feb00000, 0x00000000fec00000|  0%| F|  |TAMS 0x00000000feb00000, 0x00000000feb00000| Untracked 
|  44|0x00000000fec00000, 0x00000000fec00000, 0x00000000fed00000|  0%| F|  |TAMS 0x00000000fec00000, 0x00000000fec00000| Untracked 
|  45|0x00000000fed00000, 0x00000000fed00000, 0x00000000fee00000|  0%| F|  |TAMS 0x00000000fed00000, 0x00000000fed00000| Untracked 
|  46|0x00000000fee00000, 0x00000000fee00000, 0x00000000fef00000|  0%| F|  |TAMS 0x00000000fee00000, 0x00000000fee00000| Untracked 
|  47|0x00000000fef00000, 0x00000000fef00000, 0x00000000ff000000|  0%| F|  |TAMS 0x00000000fef00000, 0x00000000fef00000| Untracked 
|  48|0x00000000ff000000, 0x00000000ff000000, 0x00000000ff100000|  0%| F|  |TAMS 0x00000000ff000000, 0x00000000ff000000| Untracked 
|  49|0x00000000ff100000, 0x00000000ff100000, 0x00000000ff200000|  0%| F|  |TAMS 0x00000000ff100000, 0x00000000ff100000| Untracked 
|  50|0x00000000ff200000, 0x00000000ff200000, 0x00000000ff300000|  0%| F|  |TAMS 0x00000000ff200000, 0x00000000ff200000| Untracked 
|  51|0x00000000ff300000, 0x00000000ff300000, 0x00000000ff400000|  0%| F|  |TAMS 0x00000000ff300000, 0x00000000ff300000| Untracked 
|  52|0x00000000ff400000, 0x00000000ff400000, 0x00000000ff500000|  0%| F|  |TAMS 0x00000000ff400000, 0x00000000ff400000| Untracked 
|  53|0x00000000ff500000, 0x00000000ff500000, 0x00000000ff600000|  0%| F|  |TAMS 0x00000000ff500000, 0x00000000ff500000| Untracked 
|  54|0x00000000ff600000, 0x00000000ff600000, 0x00000000ff700000|  0%| F|  |TAMS 0x00000000ff600000, 0x00000000ff600000| Untracked 
|  55|0x00000000ff700000, 0x00000000ff700000, 0x00000000ff800000|  0%| F|  |TAMS 0x00000000ff700000, 0x00000000ff700000| Untracked 
|  56|0x00000000ff800000, 0x00000000ff800000, 0x00000000ff900000|  0%| F|  |TAMS 0x00000000ff800000, 0x00000000ff800000| Untracked 
|  57|0x00000000ff900000, 0x00000000ff900000, 0x00000000ffa00000|  0%| F|  |TAMS 0x00000000ff900000, 0x00000000ff900000| Untracked 
|  58|0x00000000ffa00000, 0x00000000ffa00000, 0x00000000ffb00000|  0%| F|  |TAMS 0x00000000ffa00000, 0x00000000ffa00000| Untracked 
|  59|0x00000000ffb00000, 0x00000000ffb00000, 0x00000000ffc00000|  0%| F|  |TAMS 0x00000000ffb00000, 0x00000000ffb00000| Untracked 
|  60|0x00000000ffc00000, 0x00000000ffc00000, 0x00000000ffd00000|  0%| F|  |TAMS 0x00000000ffc00000, 0x00000000ffc00000| Untracked 
|  61|0x00000000ffd00000, 0x00000000ffd00000, 0x00000000ffe00000|  0%| F|  |TAMS 0x00000000ffd00000, 0x00000000ffd00000| Untracked 
|  62|0x00000000ffe00000, 0x00000000fff00000, 0x00000000fff00000|100%| E|  |TAMS 0x00000000ffe00000, 0x00000000ffe00000| Complete 
|  63|0x00000000fff00000, 0x0000000100000000, 0x0000000100000000|100%| E|CS|TAMS 0x00000000fff00000, 0x00000000fff00000| Complete 

Card table byte_map: [0x0000025ff3040000,0x0000025ff3060000] _byte_map_base: 0x0000025ff2860000

Marking Bits (Prev, Next): (CMBitMap*) 0x0000025ff310e398, (CMBitMap*) 0x0000025ff310e3d0
 Prev Bits: [0x0000025ffab00000, 0x0000025ffac00000)
 Next Bits: [0x0000025ffac00000, 0x0000025ffad00000)

Polling page: 0x0000025ff1110000

Metaspace:

Usage:
  Non-class:     14.06 MB capacity,    13.91 MB ( 99%) used,   131.52 KB ( <1%) free+waste,    22.50 KB ( <1%) overhead. 
      Class:      1.90 MB capacity,     1.79 MB ( 94%) used,   104.12 KB (  5%) free+waste,    11.31 KB ( <1%) overhead. 
       Both:     15.96 MB capacity,    15.69 MB ( 98%) used,   235.64 KB (  1%) free+waste,    33.81 KB ( <1%) overhead. 

Virtual space:
  Non-class space:       16.00 MB reserved,      14.25 MB ( 89%) committed 
      Class space:        1.00 GB reserved,       2.00 MB ( <1%) committed 
             Both:        1.02 GB reserved,      16.25 MB (  2%) committed 

Chunk freelists:
   Non-Class:  384 bytes
       Class:  1.00 KB
        Both:  1.38 KB

CodeHeap 'non-profiled nmethods': size=120000Kb used=692Kb max_used=692Kb free=119308Kb
 bounds [0x0000025f87ad0000, 0x0000025f87d40000, 0x0000025f8f000000]
CodeHeap 'profiled nmethods': size=120000Kb used=3454Kb max_used=3454Kb free=116545Kb
 bounds [0x0000025f805a0000, 0x0000025f80900000, 0x0000025f87ad0000]
CodeHeap 'non-nmethods': size=5760Kb used=1105Kb max_used=1132Kb free=4654Kb
 bounds [0x0000025f80000000, 0x0000025f80270000, 0x0000025f805a0000]
 total_blobs=2245 nmethods=1816 adapters=341
 compilation: enabled
              stopped_count=0, restarted_count=0
 full_count=0

Compilation events (10 events):
Event: 302.044 Thread 0x0000025ffdf55000 nmethod 1812 0x0000025f87b7a390 code [0x0000025f87b7a600, 0x0000025f87b7b0b0]
Event: 308.026 Thread 0x0000025ffdf55000 1813       4       java.lang.AbstractStringBuilder::append (60 bytes)
Event: 308.039 Thread 0x0000025ffdf55000 nmethod 1813 0x0000025f87b7bc90 code [0x0000025f87b7be40, 0x0000025f87b7c688]
Event: 312.122 Thread 0x0000025ffdf55000 1814       4       java.util.ArrayList::remove (26 bytes)
Event: 312.124 Thread 0x0000025ffdf55000 nmethod 1814 0x0000025f87b7ca90 code [0x0000025f87b7cc20, 0x0000025f87b7ce38]
Event: 312.201 Thread 0x0000025ffdf55000 1815   !   4       org.gradle.internal.logging.console.ThrottlingOutputEventListener::onOutput (92 bytes)
Event: 312.216 Thread 0x0000025ffdf59800 1816       3       org.gradle.internal.logging.console.DefaultRedrawableLabel::scrollBy (24 bytes)
Event: 312.217 Thread 0x0000025ffdf59800 nmethod 1816 0x0000025f808ff210 code [0x0000025f808ff3a0, 0x0000025f808ff4b8]
Event: 312.251 Thread 0x0000025ffdf59800 1817       3       org.gradle.internal.logging.events.RenderableOutputEvent::<init> (15 bytes)
Event: 312.251 Thread 0x0000025ffdf59800 nmethod 1817 0x0000025f808ff590 code [0x0000025f808ff740, 0x0000025f808ffa78]

GC Heap History (4 events):
Event: 0.744 GC heap before
{Heap before GC invocations=0 (full 0):
 garbage-first heap   total 65536K, used 27648K [0x00000000fc000000, 0x0000000100000000)
  region size 1024K, 24 young (24576K), 0 survivors (0K)
 Metaspace       used 10240K, capacity 10418K, committed 10624K, reserved 1058816K
  class space    used 1059K, capacity 1131K, committed 1152K, reserved 1048576K
}
Event: 0.751 GC heap after
{Heap after GC invocations=1 (full 0):
 garbage-first heap   total 65536K, used 10236K [0x00000000fc000000, 0x0000000100000000)
  region size 1024K, 3 young (3072K), 3 survivors (3072K)
 Metaspace       used 10240K, capacity 10418K, committed 10624K, reserved 1058816K
  class space    used 1059K, capacity 1131K, committed 1152K, reserved 1048576K
}
Event: 180.517 GC heap before
{Heap before GC invocations=1 (full 0):
 garbage-first heap   total 65536K, used 36860K [0x00000000fc000000, 0x0000000100000000)
  region size 1024K, 29 young (29696K), 3 survivors (3072K)
 Metaspace       used 16064K, capacity 16341K, committed 16640K, reserved 1064960K
  class space    used 1828K, capacity 1944K, committed 2048K, reserved 1048576K
}
Event: 180.521 GC heap after
{Heap after GC invocations=2 (full 0):
 garbage-first heap   total 65536K, used 11916K [0x00000000fc000000, 0x0000000100000000)
  region size 1024K, 2 young (2048K), 2 survivors (2048K)
 Metaspace       used 16064K, capacity 16341K, committed 16640K, reserved 1064960K
  class space    used 1828K, capacity 1944K, committed 2048K, reserved 1048576K
}

Deoptimization events (10 events):
Event: 0.796 Thread 0x0000025ff30f4800 Uncommon trap: reason=unstable_if action=reinterpret pc=0x0000025f87af023c method=java.io.WinNTFileSystem.resolve(Ljava/lang/String;Ljava/lang/String;)Ljava/lang/String; @ 70 c2
Event: 0.978 Thread 0x0000025ff30f4800 Uncommon trap: reason=unstable_if action=reinterpret pc=0x0000025f87b27a40 method=java.util.HashMap.getNode(ILjava/lang/Object;)Ljava/util/HashMap$Node; @ 129 c2
Event: 1.477 Thread 0x0000025ff30f4800 Uncommon trap: reason=unstable_if action=reinterpret pc=0x0000025f87b01858 method=java.lang.AbstractStringBuilder.append(Ljava/lang/String;)Ljava/lang/AbstractStringBuilder; @ 1 c2
Event: 1.477 Thread 0x0000025ff30f4800 Uncommon trap: reason=unstable_if action=reinterpret pc=0x0000025f87b13328 method=java.lang.AbstractStringBuilder.append(Ljava/lang/String;)Ljava/lang/AbstractStringBuilder; @ 1 c2
Event: 20.427 Thread 0x0000025fff05e000 Uncommon trap: reason=unstable_if action=reinterpret pc=0x0000025f87b481c8 method=org.gradle.internal.logging.text.AbstractLineChoppingStyledTextOutput$2.execute(Lorg/gradle/internal/logging/text/AbstractLineChoppingStyledTextOutput$StateContext;)V @ 34 c
Event: 20.428 Thread 0x0000025fff05e000 Uncommon trap: reason=unstable_if action=reinterpret pc=0x0000025f87b49324 method=org.gradle.internal.logging.text.AbstractLineChoppingStyledTextOutput$2.execute(Lorg/gradle/internal/logging/text/AbstractLineChoppingStyledTextOutput$StateContext;)V @ 34 c
Event: 20.428 Thread 0x0000025fff05e000 Uncommon trap: reason=unstable_if action=reinterpret pc=0x0000025f87b49e74 method=org.gradle.internal.logging.text.AbstractLineChoppingStyledTextOutput$2.execute(Lorg/gradle/internal/logging/text/AbstractLineChoppingStyledTextOutput$StateContext;)V @ 34 c
Event: 62.597 Thread 0x0000025ff30f4800 Uncommon trap: reason=unstable_if action=reinterpret pc=0x0000025f87b4d840 method=com.esotericsoftware.kryo.io.Input.require(I)I @ 65 c2
Event: 109.450 Thread 0x0000025ff30f4800 Uncommon trap: reason=unstable_if action=reinterpret pc=0x0000025f87b5793c method=com.esotericsoftware.kryo.io.Input.readUtf8(I)V @ 79 c2
Event: 109.534 Thread 0x0000025fff05e000 Uncommon trap: reason=unstable_if action=reinterpret pc=0x0000025f87b64f6c method=sun.nio.cs.SingleByte$Encoder.encodeArrayLoop(Ljava/nio/CharBuffer;Ljava/nio/ByteBuffer;)Ljava/nio/charset/CoderResult; @ 211 c2

Classes redefined (0 events):
No events

Internal exceptions (10 events):
Event: 0.730 Thread 0x0000025ff30f4800 Exception <a 'java/lang/NoClassDefFoundError'{0x00000000fe839428}: org/slf4j/impl/StaticMarkerBinder> (0x00000000fe839428) thrown at [./open/src/hotspot/share/classfile/systemDictionary.cpp, line 215]
Event: 0.759 Thread 0x0000025ff30f4800 Exception <a 'java/lang/NoSuchMethodError'{0x00000000fff3aab0}: java.lang.invoke.DirectMethodHandle$Holder.invokeVirtual(Ljava/lang/Object;Ljava/lang/Object;Ljava/lang/Object;Ljava/lang/Object;Ljava/lang/Object;Ljava/lang/Object;Ljava/lang/Object;)Ljava/l
Event: 0.761 Thread 0x0000025ff30f4800 Exception <a 'java/lang/NoSuchMethodError'{0x00000000fff4e578}: java.lang.invoke.Invokers$Holder.invoker(Ljava/lang/Object;Ljava/lang/Object;Ljava/lang/Object;)Ljava/lang/Object;> (0x00000000fff4e578) thrown at [./open/src/hotspot/share/interpreter/linkRe
Event: 0.764 Thread 0x0000025ff30f4800 Exception <a 'java/lang/NoSuchMethodError'{0x00000000fff5f338}: java.lang.invoke.DelegatingMethodHandle$Holder.delegate(Ljava/lang/Object;Ljava/lang/Object;ILjava/lang/Object;)V> (0x00000000fff5f338) thrown at [./open/src/hotspot/share/interpreter/linkRes
Event: 0.908 Thread 0x0000025ff30f4800 Exception <a 'java/lang/NoSuchMethodError'{0x00000000ff59f010}: java.lang.invoke.DirectMethodHandle$Holder.invokeStaticInit(Ljava/lang/Object;Ljava/lang/Object;Ljava/lang/Object;)Ljava/lang/Object;> (0x00000000ff59f010) thrown at [./open/src/hotspot/share
Event: 0.994 Thread 0x0000025ff30f4800 Exception <a 'java/lang/NoSuchMethodError'{0x00000000fef6f520}: java.lang.invoke.DirectMethodHandle$Holder.invokeStaticInit(Ljava/lang/Object;IIII)Ljava/lang/Object;> (0x00000000fef6f520) thrown at [./open/src/hotspot/share/interpreter/linkResolver.cpp, l
Event: 1.187 Thread 0x0000025ff30f4800 Exception <a 'java/lang/NoSuchMethodError'{0x00000000fefb21b0}: java.lang.invoke.DirectMethodHandle$Holder.invokeStaticInit(Ljava/lang/Object;Ljava/lang/Object;IIII)Ljava/lang/Object;> (0x00000000fefb21b0) thrown at [./open/src/hotspot/share/interpreter/l
Event: 1.474 Thread 0x0000025ff30f4800 Exception <a 'java/lang/NoSuchMethodError'{0x00000000fee898e8}: java.lang.invoke.DirectMethodHandle$Holder.invokeSpecial(Ljava/lang/Object;Ljava/lang/Object;)V> (0x00000000fee898e8) thrown at [./open/src/hotspot/share/interpreter/linkResolver.cpp, line 77
Event: 1.477 Thread 0x0000025ff30f4800 Implicit null exception at 0x0000025f87b01374 to 0x0000025f87b01844
Event: 1.477 Thread 0x0000025ff30f4800 Implicit null exception at 0x0000025f87b12e74 to 0x0000025f87b13314

Events (10 events):
Event: 180.523 Executing VM operation: RevokeBias
Event: 180.523 Executing VM operation: RevokeBias done
Event: 180.523 Executing VM operation: RevokeBias
Event: 180.523 Executing VM operation: RevokeBias done
Event: 180.523 Executing VM operation: RevokeBias
Event: 180.523 Executing VM operation: RevokeBias done
Event: 180.523 Executing VM operation: RevokeBias
Event: 180.523 Executing VM operation: RevokeBias done
Event: 231.522 Thread 0x0000025fff05e000 DEOPT PACKING pc=0x0000025f808eef38 sp=0x000000bd633fea70
Event: 231.522 Thread 0x0000025fff05e000 DEOPT UNPACKING pc=0x0000025f80026d5e sp=0x000000bd633fdfd8 mode 0


Dynamic libraries:
0x00007ff7e4270000 - 0x00007ff7e4280000 	D:\jdk11\bin\java.exe
0x00007ff8243b0000 - 0x00007ff8245a8000 	C:\Windows\SYSTEM32\ntdll.dll
0x00007ff822690000 - 0x00007ff82274f000 	C:\Windows\System32\KERNEL32.DLL
0x00007ff821cd0000 - 0x00007ff821fa2000 	C:\Windows\System32\KERNELBASE.dll
0x00007ff822250000 - 0x00007ff822350000 	C:\Windows\System32\ucrtbase.dll
0x00007ff81c5c0000 - 0x00007ff81c5db000 	D:\jdk11\bin\VCRUNTIME140.dll
0x00007ff81d470000 - 0x00007ff81d488000 	D:\jdk11\bin\jli.dll
0x00007ff822750000 - 0x00007ff8227fe000 	C:\Windows\System32\ADVAPI32.dll
0x00007ff823530000 - 0x00007ff8235ce000 	C:\Windows\System32\msvcrt.dll
0x00007ff822520000 - 0x00007ff8225bc000 	C:\Windows\System32\sechost.dll
0x00007ff823ac0000 - 0x00007ff823be5000 	C:\Windows\System32\RPCRT4.dll
0x00007ff823cc0000 - 0x00007ff823e61000 	C:\Windows\System32\USER32.dll
0x00007ff821c00000 - 0x00007ff821c22000 	C:\Windows\System32\win32u.dll
0x00007ff80f030000 - 0x00007ff80f2ca000 	C:\Windows\WinSxS\amd64_microsoft.windows.common-controls_6595b64144ccf1df_6.0.19041.1110_none_60b5254171f9507e\COMCTL32.dll
0x00007ff824340000 - 0x00007ff82436b000 	C:\Windows\System32\GDI32.dll
0x00007ff822090000 - 0x00007ff82219f000 	C:\Windows\System32\gdi32full.dll
0x00007ff822350000 - 0x00007ff8223ed000 	C:\Windows\System32\msvcp_win.dll
0x00007ff812c90000 - 0x00007ff812c9a000 	C:\Windows\SYSTEM32\VERSION.dll
0x00007ff822650000 - 0x00007ff822682000 	C:\Windows\System32\IMM32.DLL
0x00007ff81c010000 - 0x00007ff81c01c000 	D:\jdk11\bin\vcruntime140_1.dll
0x00007ffff1ca0000 - 0x00007ffff1d2e000 	D:\jdk11\bin\msvcp140.dll
0x00007ffff1130000 - 0x00007ffff1c98000 	D:\jdk11\bin\server\jvm.dll
0x00007ff822950000 - 0x00007ff822958000 	C:\Windows\System32\PSAPI.DLL
0x00007ff811190000 - 0x00007ff811199000 	C:\Windows\SYSTEM32\WSOCK32.dll
0x00007ff812c50000 - 0x00007ff812c77000 	C:\Windows\SYSTEM32\WINMM.dll
0x00007ff8229e0000 - 0x00007ff822a4b000 	C:\Windows\System32\WS2_32.dll
0x00007ff8202f0000 - 0x00007ff820302000 	C:\Windows\SYSTEM32\kernel.appcore.dll
0x00007ff81c000000 - 0x00007ff81c010000 	D:\jdk11\bin\verify.dll
0x00007ff817770000 - 0x00007ff817954000 	C:\Windows\SYSTEM32\DBGHELP.DLL
0x00007ff80f8a0000 - 0x00007ff80f8d5000 	C:\Windows\SYSTEM32\dbgcore.DLL
0x00007ff821fb0000 - 0x00007ff822032000 	C:\Windows\System32\bcryptPrimitives.dll
0x00007ff81b900000 - 0x00007ff81b928000 	D:\jdk11\bin\java.dll
0x00007ff81b500000 - 0x00007ff81b50a000 	D:\jdk11\bin\jimage.dll
0x00007ff81b4e0000 - 0x00007ff81b4f7000 	D:\jdk11\bin\zip.dll
0x00007ff822d30000 - 0x00007ff823474000 	C:\Windows\System32\SHELL32.dll
0x00007ff81fb10000 - 0x00007ff8202a2000 	C:\Windows\SYSTEM32\windows.storage.dll
0x00007ff823750000 - 0x00007ff823aa5000 	C:\Windows\System32\combase.dll
0x00007ff821420000 - 0x00007ff821450000 	C:\Windows\SYSTEM32\Wldp.dll
0x00007ff822ad0000 - 0x00007ff822b7d000 	C:\Windows\System32\SHCORE.dll
0x00007ff8235d0000 - 0x00007ff823625000 	C:\Windows\System32\shlwapi.dll
0x00007ff8219e0000 - 0x00007ff8219ff000 	C:\Windows\SYSTEM32\profapi.dll
0x00007ff819280000 - 0x00007ff819299000 	D:\jdk11\bin\net.dll
0x00007ff818ce0000 - 0x00007ff818dec000 	C:\Windows\SYSTEM32\WINHTTP.dll
0x00007ff821180000 - 0x00007ff8211ea000 	C:\Windows\system32\mswsock.dll
0x00007ff819260000 - 0x00007ff819272000 	D:\jdk11\bin\nio.dll
0x00007ff81c790000 - 0x00007ff81c7b7000 	C:\Users\Nghia\.gradle\native\68d5fa5c4cc2d200863cafc0d521ce42e7d3e7ee720ec0a83991735586a16f82\windows-amd64\native-platform.dll
0x00007ff81bf90000 - 0x00007ff81bf9a000 	C:\Users\Nghia\.gradle\native\jansi\1.18\windows64\jansi.dll
0x00007ff81b4d0000 - 0x00007ff81b4d9000 	D:\jdk11\bin\management.dll
0x00007ff819250000 - 0x00007ff81925b000 	D:\jdk11\bin\management_ext.dll
0x00007ff821380000 - 0x00007ff821398000 	C:\Windows\SYSTEM32\CRYPTSP.dll
0x00007ff820aa0000 - 0x00007ff820ad4000 	C:\Windows\system32\rsaenh.dll
0x00007ff821ca0000 - 0x00007ff821cc7000 	C:\Windows\System32\bcrypt.dll
0x00007ff8219a0000 - 0x00007ff8219ce000 	C:\Windows\SYSTEM32\USERENV.dll
0x00007ff821370000 - 0x00007ff82137c000 	C:\Windows\SYSTEM32\CRYPTBASE.dll
0x00007ff820e70000 - 0x00007ff820eab000 	C:\Windows\SYSTEM32\IPHLPAPI.DLL
0x00007ff823ab0000 - 0x00007ff823ab8000 	C:\Windows\System32\NSI.dll
0x00007ff81a230000 - 0x00007ff81a247000 	C:\Windows\SYSTEM32\dhcpcsvc6.DLL
0x00007ff81a9c0000 - 0x00007ff81a9dd000 	C:\Windows\SYSTEM32\dhcpcsvc.DLL
0x00007ff820eb0000 - 0x00007ff820f7a000 	C:\Windows\SYSTEM32\DNSAPI.dll

dbghelp: loaded successfully - version: 4.0.5 - missing functions: none
symbol engine: initialized successfully - sym options: 0x614 - pdb path: .;D:\jdk11\bin;C:\Windows\SYSTEM32;C:\Windows\WinSxS\amd64_microsoft.windows.common-controls_6595b64144ccf1df_6.0.19041.1110_none_60b5254171f9507e;D:\jdk11\bin\server;C:\Users\Nghia\.gradle\native\68d5fa5c4cc2d200863cafc0d521ce42e7d3e7ee720ec0a83991735586a16f82\windows-amd64;C:\Users\Nghia\.gradle\native\jansi\1.18\windows64

VM Arguments:
jvm_args: -Xmx64m -Xms64m -Dorg.gradle.appname=gradlew 
java_command: org.gradle.wrapper.GradleWrapperMain app:installRelease -PreactNativeDevServerPort=8081
java_class_path (initial): D:\React Native\Vinachat\android\\gradle\wrapper\gradle-wrapper.jar
Launcher Type: SUN_STANDARD

[Global flags]
     intx CICompilerCount                          = 4                                         {product} {ergonomic}
     uint ConcGCThreads                            = 2                                         {product} {ergonomic}
     uint G1ConcRefinementThreads                  = 8                                         {product} {ergonomic}
   size_t G1HeapRegionSize                         = 1048576                                   {product} {ergonomic}
    uintx GCDrainStackTargetSize                   = 64                                        {product} {ergonomic}
   size_t InitialHeapSize                          = 67108864                                  {product} {command line}
   size_t MarkStackSize                            = 4194304                                   {product} {ergonomic}
   size_t MaxHeapSize                              = 67108864                                  {product} {command line}
   size_t MaxNewSize                               = 39845888                                  {product} {ergonomic}
   size_t MinHeapDeltaBytes                        = 1048576                                   {product} {ergonomic}
    uintx NonNMethodCodeHeapSize                   = 5836300                                {pd product} {ergonomic}
    uintx NonProfiledCodeHeapSize                  = 122910970                              {pd product} {ergonomic}
    uintx ProfiledCodeHeapSize                     = 122910970                              {pd product} {ergonomic}
    uintx ReservedCodeCacheSize                    = 251658240                              {pd product} {ergonomic}
     bool SegmentedCodeCache                       = true                                      {product} {ergonomic}
     bool UseCompressedClassPointers               = true                                 {lp64_product} {ergonomic}
     bool UseCompressedOops                        = true                                 {lp64_product} {ergonomic}
     bool UseG1GC                                  = true                                      {product} {ergonomic}
     bool UseLargePagesIndividualAllocation        = false                                  {pd product} {ergonomic}

Logging:
Log output configuration:
 #0: stdout all=warning uptime,level,tags
 #1: stderr all=off uptime,level,tags

Environment Variables:
JAVA_HOME=D:\jdk11
CLASSPATH=D:\React Native\Vinachat\android\\gradle\wrapper\gradle-wrapper.jar
PATH=D:\React Native\Vinachat\node_modules\.bin;D:\React Native\node_modules\.bin;D:\node_modules\.bin;C:\Program Files\nodejs\node_modules\npm\node_modules\@npmcli\run-script\lib\node-gyp-bin;D:\jdk11\bin;C:\Program Files (x86)\Intel\iCLS Client\;C:\Program Files\Intel\iCLS Client\;C:\Program Files\Common Files\Oracle\Java\javapath;C:\Windows\system32;C:\Windows;C:\Windows\System32\Wbem;C:\Windows\System32\WindowsPowerShell\v1.0\;C:\Windows\System32\OpenSSH\;d:\sqlseverx86\100\Tools\Binn\;d:\sqlsever\100\Tools\Binn\;d:\sqlsever\100\DTS\Binn\;d:\sqlseverx86\100\Tools\Binn\VSShell\Common7\IDE\;d:\sqlseverx86\100\DTS\Binn\;D:\pascal\bin\i386-Win32;C:\Program Files (x86)\Intel\Intel(R) Management Engine Components\DAL;C:\Program Files\Intel\Intel(R) Management Engine Components\DAL;C:\Program Files (x86)\Intel\Intel(R) Management Engine Components\IPT;C:\Program Files\Intel\Intel(R) Management Engine Components\IPT;C:\Program Files\dotnet\;D:\LuaforWindowns\5.1;D:\LuaforWindowns\5.1\clibs;D:\XAMPP\php;C:\ProgramData\ComposerSetup\bin;C:\Program Files\nodejs\;C:\Program Files (x86)\Common Files\Apple\Apple Application Support;C:\Program Files (x86)\Common Files\Apple\Mobile Device Support;C:\Program Files\Common Files\Apple\Apple Application Support;C:\Program Files\Common Files\Apple\Mobile Device Support;D:\Maven\apache-maven-3.8.6\bin;D:\Git\cmd;D:\Android\SDK\platform-tools;D:\Android\SDK\platforms;C:\Users\Nghia\AppData\Roaming\npm;D:\Android\Android Studio\plugins\Kotlin\kotlinc\bin;D:\Git\bin\;D:\Android\Android Studio\bin;C:\Program Files (x86)\Microsoft\Edge\Application;D:\TreeSize Free;D:\Android\SDK\emulator;D:\Dev-Cpp\;C:\Program Files\Notepad++;;C:\Users\Nghia\AppData\Local\Microsoft\WindowsApps;C:\Users\Nghia\AppData\Local\GitHubDesktop\bin;C:\Users\Nghia\AppData\Local\Programs\Microsoft VS Code\bin;D:\Android\Android Studio\bin;C:\Program Files (x86)\Microsoft\Edge\Application;D:\TreeSize Free;D:\Android\SDK\emulator;D:\Dev-Cpp\;C:\Program Files\Notepad++;;D
USERNAME=Nghia
OS=Windows_NT
PROCESSOR_IDENTIFIER=Intel64 Family 6 Model 58 Stepping 9, GenuineIntel



---------------  S Y S T E M  ---------------

OS: Windows 10 , 64 bit Build 19041 (10.0.19041.2364)

CPU:total 8 (initial active 8) (4 cores per cpu, 2 threads per core) family 6 model 58 stepping 9 microcode 0x21, cmov, cx8, fxsr, mmx, sse, sse2, sse3, ssse3, sse4.1, sse4.2, popcnt, avx, aes, clmul, erms, ht, tsc, tscinvbit, tscinv

Memory: 4k page, system-wide physical 16287M (3219M free)
TotalPageFile size 18335M (AvailPageFile size 1177M)
current process WorkingSet (physical memory assigned to process): 94M, peak: 103M
current process commit charge ("private bytes"): 161M, peak: 174M

vm_info: Java HotSpot(TM) 64-Bit Server VM (11.0.18+9-LTS-195) for windows-amd64 JRE (11.0.18+9-LTS-195), built on Dec  6 2022 15:50:58 by "mach5one" with MS VC++ 17.1 (VS2022)

END.
